<?xml version="1.0" encoding="UTF-8"?>
<robot generator="Robot 6.0.2 (Python 3.11.2 on win32)" generated="20230403 15:41:40.130" rpa="false" schemaversion="3">
<suite id="s1" name="Test1" source="C:\Users\User\Desktop\Python-GIT\python-study\Robot-Framework\test-cases\test1.robot">
<test id="s1-t1" name="First Test Case" line="11">
<kw name="Open Browser" library="SeleniumLibrary">
<arg>${URL}</arg>
<arg>${Browser}</arg>
<doc>Opens a new browser instance to the optional ``url``.</doc>
<msg timestamp="20230403 15:41:40.411" level="INFO">Opening browser 'Chrome' to base url 'https://thetestingworld.com/testings/'.</msg>
<status status="PASS" starttime="20230403 15:41:40.411" endtime="20230403 15:41:43.895"/>
</kw>
<kw name="Maximize Browser Window" library="SeleniumLibrary">
<doc>Maximizes current browser window.</doc>
<status status="PASS" starttime="20230403 15:41:43.896" endtime="20230403 15:41:44.020"/>
</kw>
<kw name="Select Radio Button" library="SeleniumLibrary">
<arg>add_type</arg>
<arg>office</arg>
<doc>Sets the radio button group ``group_name`` to ``value``.</doc>
<msg timestamp="20230403 15:41:44.022" level="INFO">Selecting 'office' from radio button 'add_type'.</msg>
<status status="PASS" starttime="20230403 15:41:44.021" endtime="20230403 15:41:44.107"/>
</kw>
<kw name="Sleep" library="BuiltIn">
<arg>5</arg>
<doc>Pauses the test executed for the given time.</doc>
<msg timestamp="20230403 15:41:49.108" level="INFO">Slept 5 seconds</msg>
<status status="PASS" starttime="20230403 15:41:44.108" endtime="20230403 15:41:49.108"/>
</kw>
<status status="PASS" starttime="20230403 15:41:40.410" endtime="20230403 15:41:49.108"/>
</test>
<status status="PASS" starttime="20230403 15:41:40.131" endtime="20230403 15:41:49.111"/>
</suite>
<statistics>
<total>
<stat pass="1" fail="0" skip="0">All Tests</stat>
</total>
<tag>
</tag>
<suite>
<stat pass="1" fail="0" skip="0" id="s1" name="Test1">Test1</stat>
</suite>
</statistics>
<errors>
</errors>
</robot>
