<?xml version="1.0" encoding="UTF-8"?>
<robot generator="Robot 6.0.2 (Python 3.11.2 on win32)" generated="20230404 13:40:05.921" rpa="false" schemaversion="3">
<suite id="s1" name="Test3" source="C:\Users\User\Desktop\Python-GIT\python-study\Robot-Framework\test-cases\test3.robot">
<test id="s1-t1" name="Test Case" line="11">
<kw name="Open Browser and Maximize Browser Window" library="resources">
<arg>${URL}</arg>
<arg>${Browser}</arg>
<kw name="Open Browser" library="SeleniumLibrary">
<arg>${UserUrl}</arg>
<arg>${BrowserName}</arg>
<doc>Opens a new browser instance to the optional ``url``.</doc>
<msg timestamp="20230404 13:40:06.207" level="INFO">Opening browser 'Chrome' to base url 'https://www.saucedemo.com/'.</msg>
<status status="PASS" starttime="20230404 13:40:06.206" endtime="20230404 13:40:08.033"/>
</kw>
<kw name="Maximize Browser Window" library="SeleniumLibrary">
<doc>Maximizes current browser window.</doc>
<status status="PASS" starttime="20230404 13:40:08.033" endtime="20230404 13:40:08.149"/>
</kw>
<status status="PASS" starttime="20230404 13:40:06.206" endtime="20230404 13:40:08.149"/>
</kw>
<kw name="Input Text" library="SeleniumLibrary">
<arg>name:user-name</arg>
<arg>standard_user</arg>
<doc>Types the given ``text`` into the text field identified by ``locator``.</doc>
<msg timestamp="20230404 13:40:08.150" level="INFO">Typing text 'standard_user' into text field 'name:user-name'.</msg>
<status status="PASS" starttime="20230404 13:40:08.149" endtime="20230404 13:40:08.267"/>
</kw>
<kw name="Input Password" library="SeleniumLibrary">
<arg>xpath:/html/body/div/div/div[2]/div[1]/div/div/form/div[2]/input</arg>
<arg>secret_sauce</arg>
<doc>Types the given password into the text field identified by ``locator``.</doc>
<msg timestamp="20230404 13:40:08.269" level="INFO">Typing password into text field 'xpath:/html/body/div/div/div[2]/div[1]/div/div/form/div[2]/input'.</msg>
<msg timestamp="20230404 13:40:08.317" level="INFO">Temporally setting log level to: NONE</msg>
<msg timestamp="20230404 13:40:08.371" level="INFO">Log level changed from NONE to INFO.</msg>
<status status="PASS" starttime="20230404 13:40:08.268" endtime="20230404 13:40:08.372"/>
</kw>
<kw name="Click Button" library="SeleniumLibrary">
<arg>name:login-button</arg>
<doc>Clicks the button identified by ``locator``.</doc>
<msg timestamp="20230404 13:40:08.373" level="INFO">Clicking button 'name:login-button'.</msg>
<status status="PASS" starttime="20230404 13:40:08.372" endtime="20230404 13:40:08.490"/>
</kw>
<kw name="Sleep" library="BuiltIn">
<arg>5</arg>
<doc>Pauses the test executed for the given time.</doc>
<msg timestamp="20230404 13:40:13.490" level="INFO">Slept 5 seconds</msg>
<status status="PASS" starttime="20230404 13:40:08.490" endtime="20230404 13:40:13.490"/>
</kw>
<kw name="Go Back" library="SeleniumLibrary">
<doc>Simulates the user clicking the back button on their browser.</doc>
<status status="PASS" starttime="20230404 13:40:13.491" endtime="20230404 13:40:13.501"/>
</kw>
<kw name="Sleep" library="BuiltIn">
<arg>3</arg>
<doc>Pauses the test executed for the given time.</doc>
<msg timestamp="20230404 13:40:16.501" level="INFO">Slept 3 seconds</msg>
<status status="PASS" starttime="20230404 13:40:13.501" endtime="20230404 13:40:16.501"/>
</kw>
<kw name="Close Browser" library="SeleniumLibrary">
<doc>Closes the current browser.</doc>
<status status="PASS" starttime="20230404 13:40:16.503" endtime="20230404 13:40:18.630"/>
</kw>
<status status="PASS" starttime="20230404 13:40:06.206" endtime="20230404 13:40:18.630"/>
</test>
<status status="PASS" starttime="20230404 13:40:05.923" endtime="20230404 13:40:18.632"/>
</suite>
<statistics>
<total>
<stat pass="1" fail="0" skip="0">All Tests</stat>
</total>
<tag>
</tag>
<suite>
<stat pass="1" fail="0" skip="0" id="s1" name="Test3">Test3</stat>
</suite>
</statistics>
<errors>
</errors>
</robot>
